2020-02-29 12:32:36.481  INFO 11092 --- [main] co.udea.docente.api.App                  : Starting App on JDuvancho with PID 11092 (started by JDuvancho in E:\OneDrive\Programación\Intellij IDEA\docenteapi-master)
2020-02-29 12:32:36.498  INFO 11092 --- [main] co.udea.docente.api.App                  : The following profiles are active: heroku2
2020-02-29 12:32:41.954  INFO 11092 --- [main] .s.d.r.c.RepositoryConfigurationDelegate : Bootstrapping Spring Data repositories in DEFAULT mode.
2020-02-29 12:32:42.136  INFO 11092 --- [main] .s.d.r.c.RepositoryConfigurationDelegate : Finished Spring Data repository scanning in 160ms. Found 4 repository interfaces.
2020-02-29 12:32:42.984  INFO 11092 --- [main] trationDelegate$BeanPostProcessorChecker : Bean 'org.springframework.transaction.annotation.ProxyTransactionManagementConfiguration' of type [org.springframework.transaction.annotation.ProxyTransactionManagementConfiguration$$EnhancerBySpringCGLIB$$39ab6274] is not eligible for getting processed by all BeanPostProcessors (for example: not eligible for auto-proxying)
2020-02-29 12:32:43.050  INFO 11092 --- [main] trationDelegate$BeanPostProcessorChecker : Bean 'org.springframework.hateoas.config.HateoasConfiguration' of type [org.springframework.hateoas.config.HateoasConfiguration$$EnhancerBySpringCGLIB$$b92bafa6] is not eligible for getting processed by all BeanPostProcessors (for example: not eligible for auto-proxying)
2020-02-29 12:32:44.117  INFO 11092 --- [main] o.s.b.w.embedded.tomcat.TomcatWebServer  : Tomcat initialized with port(s): 8080 (http)
2020-02-29 12:32:44.290  INFO 11092 --- [main] o.apache.catalina.core.StandardService   : Starting service [Tomcat]
2020-02-29 12:32:44.291  INFO 11092 --- [main] org.apache.catalina.core.StandardEngine  : Starting Servlet engine: [Apache Tomcat/9.0.21]
2020-02-29 12:32:44.552  INFO 11092 --- [main] o.a.c.c.C.[.[localhost].[/docente-api]   : Initializing Spring embedded WebApplicationContext
2020-02-29 12:32:44.552  INFO 11092 --- [main] o.s.web.context.ContextLoader            : Root WebApplicationContext: initialization completed in 7845 ms
2020-02-29 12:32:45.349  INFO 11092 --- [main] com.zaxxer.hikari.HikariDataSource       : HikariPool-1 - Starting...
2020-02-29 12:32:47.360  INFO 11092 --- [main] com.zaxxer.hikari.HikariDataSource       : HikariPool-1 - Start completed.
2020-02-29 12:32:47.510  INFO 11092 --- [main] o.hibernate.jpa.internal.util.LogHelper  : HHH000204: Processing PersistenceUnitInfo [
	name: default
	...]
2020-02-29 12:32:47.663  INFO 11092 --- [main] org.hibernate.Version                    : HHH000412: Hibernate Core {5.3.10.Final}
2020-02-29 12:32:47.667  INFO 11092 --- [main] org.hibernate.cfg.Environment            : HHH000206: hibernate.properties not found
2020-02-29 12:32:47.964  INFO 11092 --- [main] o.hibernate.annotations.common.Version   : HCANN000001: Hibernate Commons Annotations {5.0.4.Final}
2020-02-29 12:32:48.449  INFO 11092 --- [main] org.hibernate.dialect.Dialect            : HHH000400: Using dialect: org.hibernate.dialect.PostgreSQLDialect
2020-02-29 12:32:48.478  INFO 11092 --- [main] o.h.e.j.e.i.LobCreatorBuilderImpl        : HHH000422: Disabling contextual LOB creation as connection was null
2020-02-29 12:32:48.489  INFO 11092 --- [main] org.hibernate.type.BasicTypeRegistry     : HHH000270: Type registration [java.util.UUID] overrides previous : org.hibernate.type.UUIDBinaryType@6424e613
2020-02-29 12:32:49.511  INFO 11092 --- [main] j.LocalContainerEntityManagerFactoryBean : Initialized JPA EntityManagerFactory for persistence unit 'default'
2020-02-29 12:32:50.472  INFO 11092 --- [main] o.h.h.i.QueryTranslatorFactoryInitiator  : HHH000397: Using ASTQueryTranslatorFactory
2020-02-29 12:32:51.918  WARN 11092 --- [main] aWebConfiguration$JpaWebMvcConfiguration : spring.jpa.open-in-view is enabled by default. Therefore, database queries may be performed during view rendering. Explicitly configure spring.jpa.open-in-view to disable this warning
2020-02-29 12:32:52.979  INFO 11092 --- [main] pertySourcedRequestMappingHandlerMapping : Mapped URL path [/v2/api-docs] onto method [public org.springframework.http.ResponseEntity<springfox.documentation.spring.web.json.Json> springfox.documentation.swagger2.web.Swagger2Controller.getDocumentation(java.lang.String,javax.servlet.http.HttpServletRequest)]
2020-02-29 12:32:53.455  INFO 11092 --- [main] o.s.s.concurrent.ThreadPoolTaskExecutor  : Initializing ExecutorService 'applicationTaskExecutor'
2020-02-29 12:32:54.477  INFO 11092 --- [main] d.s.w.p.DocumentationPluginsBootstrapper : Context refreshed
2020-02-29 12:32:54.550  INFO 11092 --- [main] d.s.w.p.DocumentationPluginsBootstrapper : Found 1 custom documentation plugin(s)
2020-02-29 12:32:54.625  INFO 11092 --- [main] s.d.s.w.s.ApiListingReferenceScanner     : Scanning for api listing references
2020-02-29 12:32:55.108  INFO 11092 --- [main] .d.s.w.r.o.CachingOperationNameGenerator : Generating unique operation named: getRegistrosDocenteUsingGET_1
2020-02-29 12:32:55.190  INFO 11092 --- [main] o.s.b.w.embedded.tomcat.TomcatWebServer  : Tomcat started on port(s): 8080 (http) with context path '/docente-api'
2020-02-29 12:32:55.198  INFO 11092 --- [main] co.udea.docente.api.App                  : Started App in 20.321 seconds (JVM running for 22.184)
